/tmp/root/eas-build-local-nodejs/960cb3c1-341b-4ca2-8982-29f446946397/build/client-app/android/app/src/main/java/com/chitranjan/studentid/MainApplication.java:65: error: cannot find symbol
[RUN_GRADLEW]       ReactFeatureFlags.unstable_useRuntimeSchedulerAlways = false;
[RUN_GRADLEW]                        ^
[RUN_GRADLEW]   symbol:   variable unstable_useRuntimeSchedulerAlways
[RUN_GRADLEW]   location: class ReactFeatureFlags
[RUN_GRADLEW] /tmp/root/eas-build-local-nodejs/960cb3c1-341b-4ca2-8982-29f446946397/build/client-app/android/app/src/main/java/com/chitranjan/studentid/MainActivity.java:49: error: constructor DefaultReactActivityDelegate in class DefaultReactActivityDelegate cannot be applied to given types;
[RUN_GRADLEW]     return new ReactActivityDelegateWrapper(this, BuildConfig.IS_NEW_ARCHITECTURE_ENABLED, new DefaultReactActivityDelegate(
[RUN_GRADLEW]                                                                                            ^
[RUN_GRADLEW]   required: ReactActivity,String,boolean,boolean
[RUN_GRADLEW]   found: MainActivity,String,boolean
[RUN_GRADLEW]   reason: actual and formal argument lists differ in length
[RUN_GRADLEW] 2 errors

Fixing with https://www.npmjs.com/package/react-native-config